2024-08-21 11:18:01,049 INFO: [31m[1mWARNING: This is a development server. Do not use it in a production deployment. Use a production WSGI server instead.[0m
 * Running on http://127.0.0.1:5000
2024-08-21 11:18:01,049 INFO: [33mPress CTRL+C to quit[0m
2024-08-21 11:18:01,051 INFO:  * Restarting with stat
2024-08-21 11:18:01,405 WARNING:  * Debugger is active!
2024-08-21 11:18:01,514 INFO:  * Debugger PIN: 806-823-571
2024-08-21 13:27:18,200 INFO: [31m[1mWARNING: This is a development server. Do not use it in a production deployment. Use a production WSGI server instead.[0m
 * Running on all addresses (0.0.0.0)
 * Running on http://127.0.0.1:5000
 * Running on http://192.168.1.72:5000
2024-08-21 13:27:18,200 INFO: [33mPress CTRL+C to quit[0m
2024-08-21 13:27:18,201 INFO:  * Restarting with stat
2024-08-21 13:27:18,588 WARNING:  * Debugger is active!
2024-08-21 13:27:18,693 INFO:  * Debugger PIN: 869-155-449
2024-08-21 13:28:04,403 DEBUG: {"clientId": {"$oid": "66c63f96149f4f65ae6e5ee4"}, "message": "Connection pool created", "serverHost": "cluster0-shard-00-00.0eoex.mongodb.net", "serverPort": 27017}
2024-08-21 13:28:04,404 DEBUG: {"clientId": {"$oid": "66c63f96149f4f65ae6e5ee4"}, "message": "Connection pool created", "serverHost": "cluster0-shard-00-02.0eoex.mongodb.net", "serverPort": 27017}
2024-08-21 13:28:04,406 DEBUG: {"clientId": {"$oid": "66c63f96149f4f65ae6e5ee4"}, "message": "Connection pool created", "serverHost": "cluster0-shard-00-01.0eoex.mongodb.net", "serverPort": 27017}
2024-08-21 13:28:04,407 DEBUG: {"message": "Server selection started", "selector": "Primary()", "operation": "find", "topologyDescription": "<TopologyDescription id: 66c63f96149f4f65ae6e5ee4, topology_type: ReplicaSetNoPrimary, servers: [<ServerDescription ('cluster0-shard-00-00.0eoex.mongodb.net', 27017) server_type: Unknown, rtt: None>, <ServerDescription ('cluster0-shard-00-01.0eoex.mongodb.net', 27017) server_type: Unknown, rtt: None>, <ServerDescription ('cluster0-shard-00-02.0eoex.mongodb.net', 27017) server_type: Unknown, rtt: None>]>", "clientId": {"$oid": "66c63f96149f4f65ae6e5ee4"}}
2024-08-21 13:28:04,408 DEBUG: {"message": "Waiting for suitable server to become available", "selector": "Primary()", "operation": "find", "topologyDescription": "<TopologyDescription id: 66c63f96149f4f65ae6e5ee4, topology_type: ReplicaSetNoPrimary, servers: [<ServerDescription ('cluster0-shard-00-00.0eoex.mongodb.net', 27017) server_type: Unknown, rtt: None>, <ServerDescription ('cluster0-shard-00-01.0eoex.mongodb.net', 27017) server_type: Unknown, rtt: None>, <ServerDescription ('cluster0-shard-00-02.0eoex.mongodb.net', 27017) server_type: Unknown, rtt: None>]>", "clientId": {"$oid": "66c63f96149f4f65ae6e5ee4"}, "remainingTimeMS": 29}
2024-08-21 13:28:04,886 DEBUG: {"clientId": {"$oid": "66c63f96149f4f65ae6e5ee4"}, "message": "Connection pool ready", "serverHost": "cluster0-shard-00-00.0eoex.mongodb.net", "serverPort": 27017}
2024-08-21 13:28:04,891 DEBUG: {"clientId": {"$oid": "66c63f96149f4f65ae6e5ee4"}, "message": "Connection pool ready", "serverHost": "cluster0-shard-00-02.0eoex.mongodb.net", "serverPort": 27017}
2024-08-21 13:28:04,919 DEBUG: {"clientId": {"$oid": "66c63f96149f4f65ae6e5ee4"}, "message": "Connection pool ready", "serverHost": "cluster0-shard-00-01.0eoex.mongodb.net", "serverPort": 27017}
2024-08-21 13:28:04,921 DEBUG: {"message": "Server selection succeeded", "selector": "Primary()", "operation": "find", "topologyDescription": "<TopologyDescription id: 66c63f96149f4f65ae6e5ee4, topology_type: ReplicaSetWithPrimary, servers: [<ServerDescription ('cluster0-shard-00-00.0eoex.mongodb.net', 27017) server_type: RSSecondary, rtt: 0.10022127999945951>, <ServerDescription ('cluster0-shard-00-01.0eoex.mongodb.net', 27017) server_type: RSPrimary, rtt: 0.10420286200042028>, <ServerDescription ('cluster0-shard-00-02.0eoex.mongodb.net', 27017) server_type: RSSecondary, rtt: 0.10623007699996379>]>", "clientId": {"$oid": "66c63f96149f4f65ae6e5ee4"}, "serverHost": "cluster0-shard-00-01.0eoex.mongodb.net", "serverPort": 27017}
2024-08-21 13:28:04,923 DEBUG: {"clientId": {"$oid": "66c63f96149f4f65ae6e5ee4"}, "message": "Connection checkout started", "serverHost": "cluster0-shard-00-01.0eoex.mongodb.net", "serverPort": 27017}
2024-08-21 13:28:04,924 DEBUG: {"clientId": {"$oid": "66c63f96149f4f65ae6e5ee4"}, "message": "Connection created", "serverHost": "cluster0-shard-00-01.0eoex.mongodb.net", "serverPort": 27017, "driverConnectionId": 1}
2024-08-21 13:28:05,546 DEBUG: {"clientId": {"$oid": "66c63f96149f4f65ae6e5ee4"}, "message": "Connection ready", "serverHost": "cluster0-shard-00-01.0eoex.mongodb.net", "serverPort": 27017, "driverConnectionId": 1, "durationMS": 0.3078521320003347}
2024-08-21 13:28:05,547 DEBUG: {"clientId": {"$oid": "66c63f96149f4f65ae6e5ee4"}, "message": "Connection checked out", "serverHost": "cluster0-shard-00-01.0eoex.mongodb.net", "serverPort": 27017, "driverConnectionId": 1, "durationMS": 0.6240998230005061}
2024-08-21 13:28:05,548 DEBUG: {"clientId": {"$oid": "66c63f96149f4f65ae6e5ee4"}, "message": "Command started", "command": "{\"find\": \"users\", \"filter\": {\"username\": \"DenilsonPerezC\"}, \"limit\": 1, \"singleBatch\": true, \"lsid\": {\"id\": {\"$binary\": {\"base64\": \"bXhh4R4uR/uA+kefXgid4w==\", \"subType\": \"04\"}}}, \"$clusterTime\": {\"clusterTime\": {\"$timestamp\": {\"t\": 1724268485, \"i\": 16}}, \"signature\": {\"hash\": {\"$binary\": {\"base64\": \"+4Lig0/OITH0AdSR/IaB2mnS6bo=\", \"subType\": \"00\"}}, \"keyId\": 7363385893261934593}}, \"$db\": \"PyMongo\"}", "commandName": "find", "databaseName": "PyMongo", "requestId": 783368690, "operationId": 783368690, "driverConnectionId": 1, "serverConnectionId": 85981, "serverHost": "cluster0-shard-00-01.0eoex.mongodb.net", "serverPort": 27017}
2024-08-21 13:28:05,647 DEBUG: {"clientId": {"$oid": "66c63f96149f4f65ae6e5ee4"}, "message": "Command succeeded", "durationMS": 99.066, "reply": "{\"cursor\": {\"firstBatch\": [{\"_id\": {\"$oid\": \"66c6337beed36c77222af24d\"}, \"username\": \"DenilsonPerezC\", \"password\": \"pbkdf2:sha256:260000$8lR8sSaLfWdo9Ay7$499616f71db862c6041df7a900475beb198a4fb72e49c2e8eb5913edc361eeba\"}], \"ns\": \"PyMongo.users\"}, \"ok\": 1.0, \"$clusterTime\": {\"clusterTime\": {\"$timestamp\": {\"t\": 1724268485, \"i\": 52}}, \"signature\": {\"hash\": {\"$binary\": {\"base64\": \"+4Lig0/OITH0AdSR/IaB2mnS6bo=\", \"subType\": \"00\"}}, \"keyId\": 7363385893261934593}}, \"operationTime\": {\"$timestamp\": {\"t\": 1724268485, \"i\": 52}}}", "commandName": "find", "databaseName": "PyMongo", "requestId": 783368690, "operationId": 783368690, "driverConnectionId": 1, "serverConnectionId": 85981, "serverHost": "cluster0-shard-00-01.0eoex.mongodb.net", "serverPort": 27017}
2024-08-21 13:28:05,648 DEBUG: {"clientId": {"$oid": "66c63f96149f4f65ae6e5ee4"}, "message": "Connection checked in", "serverHost": "cluster0-shard-00-01.0eoex.mongodb.net", "serverPort": 27017, "driverConnectionId": 1}
2024-08-21 13:28:05,981 INFO: 127.0.0.1 - - [21/Aug/2024 13:28:05] "[35m[1mPOST /auth/login HTTP/1.1[0m" 500 -
2024-08-21 13:29:00,568 INFO:  * Detected change in '/home/denilson/Escritorio/PyCrud/src/app.py', reloading
2024-08-21 13:29:01,056 INFO:  * Restarting with stat
2024-08-21 13:29:01,706 WARNING:  * Debugger is active!
2024-08-21 13:29:01,707 INFO:  * Debugger PIN: 869-155-449
2024-08-21 13:29:04,002 INFO: [31m[1mWARNING: This is a development server. Do not use it in a production deployment. Use a production WSGI server instead.[0m
 * Running on all addresses (0.0.0.0)
 * Running on http://127.0.0.1:5000
 * Running on http://192.168.1.72:5000
2024-08-21 13:29:04,003 INFO: [33mPress CTRL+C to quit[0m
2024-08-21 13:29:04,004 INFO:  * Restarting with stat
2024-08-21 13:29:04,383 WARNING:  * Debugger is active!
2024-08-21 13:29:04,383 INFO:  * Debugger PIN: 869-155-449
2024-08-21 13:29:11,979 DEBUG: {"clientId": {"$oid": "66c640003485c1bcd75d3b34"}, "message": "Connection pool created", "serverHost": "cluster0-shard-00-02.0eoex.mongodb.net", "serverPort": 27017}
2024-08-21 13:29:11,981 DEBUG: {"clientId": {"$oid": "66c640003485c1bcd75d3b34"}, "message": "Connection pool created", "serverHost": "cluster0-shard-00-00.0eoex.mongodb.net", "serverPort": 27017}
2024-08-21 13:29:11,983 DEBUG: {"clientId": {"$oid": "66c640003485c1bcd75d3b34"}, "message": "Connection pool created", "serverHost": "cluster0-shard-00-01.0eoex.mongodb.net", "serverPort": 27017}
2024-08-21 13:29:11,985 DEBUG: {"message": "Server selection started", "selector": "Primary()", "operation": "find", "topologyDescription": "<TopologyDescription id: 66c640003485c1bcd75d3b34, topology_type: ReplicaSetNoPrimary, servers: [<ServerDescription ('cluster0-shard-00-00.0eoex.mongodb.net', 27017) server_type: Unknown, rtt: None>, <ServerDescription ('cluster0-shard-00-01.0eoex.mongodb.net', 27017) server_type: Unknown, rtt: None>, <ServerDescription ('cluster0-shard-00-02.0eoex.mongodb.net', 27017) server_type: Unknown, rtt: None>]>", "clientId": {"$oid": "66c640003485c1bcd75d3b34"}}
2024-08-21 13:29:11,986 DEBUG: {"message": "Waiting for suitable server to become available", "selector": "Primary()", "operation": "find", "topologyDescription": "<TopologyDescription id: 66c640003485c1bcd75d3b34, topology_type: ReplicaSetNoPrimary, servers: [<ServerDescription ('cluster0-shard-00-00.0eoex.mongodb.net', 27017) server_type: Unknown, rtt: None>, <ServerDescription ('cluster0-shard-00-01.0eoex.mongodb.net', 27017) server_type: Unknown, rtt: None>, <ServerDescription ('cluster0-shard-00-02.0eoex.mongodb.net', 27017) server_type: Unknown, rtt: None>]>", "clientId": {"$oid": "66c640003485c1bcd75d3b34"}, "remainingTimeMS": 29}
2024-08-21 13:29:12,507 DEBUG: {"clientId": {"$oid": "66c640003485c1bcd75d3b34"}, "message": "Connection pool ready", "serverHost": "cluster0-shard-00-01.0eoex.mongodb.net", "serverPort": 27017}
2024-08-21 13:29:12,508 DEBUG: {"message": "Server selection succeeded", "selector": "Primary()", "operation": "find", "topologyDescription": "<TopologyDescription id: 66c640003485c1bcd75d3b34, topology_type: ReplicaSetWithPrimary, servers: [<ServerDescription ('cluster0-shard-00-00.0eoex.mongodb.net', 27017) server_type: Unknown, rtt: None>, <ServerDescription ('cluster0-shard-00-01.0eoex.mongodb.net', 27017) server_type: RSPrimary, rtt: 0.10305761899962818>, <ServerDescription ('cluster0-shard-00-02.0eoex.mongodb.net', 27017) server_type: Unknown, rtt: None>]>", "clientId": {"$oid": "66c640003485c1bcd75d3b34"}, "serverHost": "cluster0-shard-00-01.0eoex.mongodb.net", "serverPort": 27017}
2024-08-21 13:29:12,510 DEBUG: {"clientId": {"$oid": "66c640003485c1bcd75d3b34"}, "message": "Connection checkout started", "serverHost": "cluster0-shard-00-01.0eoex.mongodb.net", "serverPort": 27017}
2024-08-21 13:29:12,510 DEBUG: {"clientId": {"$oid": "66c640003485c1bcd75d3b34"}, "message": "Connection created", "serverHost": "cluster0-shard-00-01.0eoex.mongodb.net", "serverPort": 27017, "driverConnectionId": 1}
2024-08-21 13:29:12,515 DEBUG: {"clientId": {"$oid": "66c640003485c1bcd75d3b34"}, "message": "Connection pool ready", "serverHost": "cluster0-shard-00-02.0eoex.mongodb.net", "serverPort": 27017}
2024-08-21 13:29:12,516 DEBUG: {"clientId": {"$oid": "66c640003485c1bcd75d3b34"}, "message": "Connection pool ready", "serverHost": "cluster0-shard-00-00.0eoex.mongodb.net", "serverPort": 27017}
2024-08-21 13:29:13,084 DEBUG: {"clientId": {"$oid": "66c640003485c1bcd75d3b34"}, "message": "Connection ready", "serverHost": "cluster0-shard-00-01.0eoex.mongodb.net", "serverPort": 27017, "driverConnectionId": 1, "durationMS": 0.311326055999416}
2024-08-21 13:29:13,085 DEBUG: {"clientId": {"$oid": "66c640003485c1bcd75d3b34"}, "message": "Connection checked out", "serverHost": "cluster0-shard-00-01.0eoex.mongodb.net", "serverPort": 27017, "driverConnectionId": 1, "durationMS": 0.5750557229994229}
2024-08-21 13:29:13,086 DEBUG: {"clientId": {"$oid": "66c640003485c1bcd75d3b34"}, "message": "Command started", "command": "{\"find\": \"users\", \"filter\": {\"username\": \"DenilsonPerezC\"}, \"limit\": 1, \"singleBatch\": true, \"lsid\": {\"id\": {\"$binary\": {\"base64\": \"n8VWYQ8tRwKObLOrgguLgw==\", \"subType\": \"04\"}}}, \"$clusterTime\": {\"clusterTime\": {\"$timestamp\": {\"t\": 1724268552, \"i\": 42}}, \"signature\": {\"hash\": {\"$binary\": {\"base64\": \"kOJ1Sa2cvtleQwb4Ij2oDn08L90=\", \"subType\": \"00\"}}, \"keyId\": 7363385893261934593}}, \"$db\": \"PyMongo\"}", "commandName": "find", "databaseName": "PyMongo", "requestId": 783368690, "operationId": 783368690, "driverConnectionId": 1, "serverConnectionId": 86145, "serverHost": "cluster0-shard-00-01.0eoex.mongodb.net", "serverPort": 27017}
2024-08-21 13:29:13,187 DEBUG: {"clientId": {"$oid": "66c640003485c1bcd75d3b34"}, "message": "Command succeeded", "durationMS": 101.31400000000001, "reply": "{\"cursor\": {\"firstBatch\": [{\"_id\": {\"$oid\": \"66c6337beed36c77222af24d\"}, \"username\": \"DenilsonPerezC\", \"password\": \"pbkdf2:sha256:260000$8lR8sSaLfWdo9Ay7$499616f71db862c6041df7a900475beb198a4fb72e49c2e8eb5913edc361eeba\"}], \"ns\": \"PyMongo.users\"}, \"ok\": 1.0, \"$clusterTime\": {\"clusterTime\": {\"$timestamp\": {\"t\": 1724268553, \"i\": 32}}, \"signature\": {\"hash\": {\"$binary\": {\"base64\": \"nmc20I1e4Nncqv14LlXLUI7HVbw=\", \"subType\": \"00\"}}, \"keyId\": 7363385893261934593}}, \"operationTime\": {\"$timestamp\": {\"t\": 1724268553, \"i\": 32}}}", "commandName": "find", "databaseName": "PyMongo", "requestId": 783368690, "operationId": 783368690, "driverConnectionId": 1, "serverConnectionId": 86145, "serverHost": "cluster0-shard-00-01.0eoex.mongodb.net", "serverPort": 27017}
2024-08-21 13:29:13,188 DEBUG: {"clientId": {"$oid": "66c640003485c1bcd75d3b34"}, "message": "Connection checked in", "serverHost": "cluster0-shard-00-01.0eoex.mongodb.net", "serverPort": 27017, "driverConnectionId": 1}
2024-08-21 13:29:13,446 INFO: 127.0.0.1 - - [21/Aug/2024 13:29:13] "POST /auth/login HTTP/1.1" 200 -
2024-08-21 13:31:34,659 INFO:  * Detected change in '/home/denilson/Escritorio/PyCrud/src/app.py', reloading
2024-08-21 13:31:34,971 INFO:  * Restarting with stat
2024-08-21 13:31:35,635 WARNING:  * Debugger is active!
2024-08-21 13:31:35,636 INFO:  * Debugger PIN: 869-155-449
2024-08-21 13:31:36,662 INFO:  * Detected change in '/home/denilson/Escritorio/PyCrud/src/app.py', reloading
2024-08-21 13:31:36,738 INFO:  * Restarting with stat
2024-08-21 13:31:37,218 WARNING:  * Debugger is active!
2024-08-21 13:31:37,219 INFO:  * Debugger PIN: 869-155-449
2024-08-21 13:31:41,894 INFO: [31m[1mWARNING: This is a development server. Do not use it in a production deployment. Use a production WSGI server instead.[0m
 * Running on all addresses (0.0.0.0)
 * Running on http://127.0.0.1:5000
 * Running on http://192.168.1.72:5000
2024-08-21 13:31:41,894 INFO: [33mPress CTRL+C to quit[0m
2024-08-21 13:31:41,895 INFO:  * Restarting with stat
2024-08-21 13:31:42,279 WARNING:  * Debugger is active!
2024-08-21 13:31:42,280 INFO:  * Debugger PIN: 869-155-449
2024-08-21 13:31:49,432 DEBUG: {"clientId": {"$oid": "66c6409ebdd8acf1960df0c0"}, "message": "Connection pool created", "serverHost": "cluster0-shard-00-00.0eoex.mongodb.net", "serverPort": 27017}
2024-08-21 13:31:49,434 DEBUG: {"clientId": {"$oid": "66c6409ebdd8acf1960df0c0"}, "message": "Connection pool created", "serverHost": "cluster0-shard-00-02.0eoex.mongodb.net", "serverPort": 27017}
2024-08-21 13:31:49,436 DEBUG: {"clientId": {"$oid": "66c6409ebdd8acf1960df0c0"}, "message": "Connection pool created", "serverHost": "cluster0-shard-00-01.0eoex.mongodb.net", "serverPort": 27017}
2024-08-21 13:31:49,438 DEBUG: {"message": "Server selection started", "selector": "Primary()", "operation": "find", "topologyDescription": "<TopologyDescription id: 66c6409ebdd8acf1960df0c0, topology_type: ReplicaSetNoPrimary, servers: [<ServerDescription ('cluster0-shard-00-00.0eoex.mongodb.net', 27017) server_type: Unknown, rtt: None>, <ServerDescription ('cluster0-shard-00-01.0eoex.mongodb.net', 27017) server_type: Unknown, rtt: None>, <ServerDescription ('cluster0-shard-00-02.0eoex.mongodb.net', 27017) server_type: Unknown, rtt: None>]>", "clientId": {"$oid": "66c6409ebdd8acf1960df0c0"}}
2024-08-21 13:31:49,439 DEBUG: {"message": "Waiting for suitable server to become available", "selector": "Primary()", "operation": "find", "topologyDescription": "<TopologyDescription id: 66c6409ebdd8acf1960df0c0, topology_type: ReplicaSetNoPrimary, servers: [<ServerDescription ('cluster0-shard-00-00.0eoex.mongodb.net', 27017) server_type: Unknown, rtt: None>, <ServerDescription ('cluster0-shard-00-01.0eoex.mongodb.net', 27017) server_type: Unknown, rtt: None>, <ServerDescription ('cluster0-shard-00-02.0eoex.mongodb.net', 27017) server_type: Unknown, rtt: None>]>", "clientId": {"$oid": "66c6409ebdd8acf1960df0c0"}, "remainingTimeMS": 29}
2024-08-21 13:31:49,884 DEBUG: {"clientId": {"$oid": "66c6409ebdd8acf1960df0c0"}, "message": "Connection pool ready", "serverHost": "cluster0-shard-00-02.0eoex.mongodb.net", "serverPort": 27017}
2024-08-21 13:31:49,925 DEBUG: {"clientId": {"$oid": "66c6409ebdd8acf1960df0c0"}, "message": "Connection pool ready", "serverHost": "cluster0-shard-00-01.0eoex.mongodb.net", "serverPort": 27017}
2024-08-21 13:31:49,926 DEBUG: {"message": "Server selection succeeded", "selector": "Primary()", "operation": "find", "topologyDescription": "<TopologyDescription id: 66c6409ebdd8acf1960df0c0, topology_type: ReplicaSetWithPrimary, servers: [<ServerDescription ('cluster0-shard-00-00.0eoex.mongodb.net', 27017) server_type: Unknown, rtt: None>, <ServerDescription ('cluster0-shard-00-01.0eoex.mongodb.net', 27017) server_type: RSPrimary, rtt: 0.09933609100062313>, <ServerDescription ('cluster0-shard-00-02.0eoex.mongodb.net', 27017) server_type: RSSecondary, rtt: 0.10175191799953609>]>", "clientId": {"$oid": "66c6409ebdd8acf1960df0c0"}, "serverHost": "cluster0-shard-00-01.0eoex.mongodb.net", "serverPort": 27017}
2024-08-21 13:31:49,926 DEBUG: {"clientId": {"$oid": "66c6409ebdd8acf1960df0c0"}, "message": "Connection checkout started", "serverHost": "cluster0-shard-00-01.0eoex.mongodb.net", "serverPort": 27017}
2024-08-21 13:31:49,928 DEBUG: {"clientId": {"$oid": "66c6409ebdd8acf1960df0c0"}, "message": "Connection pool ready", "serverHost": "cluster0-shard-00-00.0eoex.mongodb.net", "serverPort": 27017}
2024-08-21 13:31:49,928 DEBUG: {"clientId": {"$oid": "66c6409ebdd8acf1960df0c0"}, "message": "Connection created", "serverHost": "cluster0-shard-00-01.0eoex.mongodb.net", "serverPort": 27017, "driverConnectionId": 1}
2024-08-21 13:31:50,491 DEBUG: {"clientId": {"$oid": "66c6409ebdd8acf1960df0c0"}, "message": "Connection ready", "serverHost": "cluster0-shard-00-01.0eoex.mongodb.net", "serverPort": 27017, "driverConnectionId": 1, "durationMS": 0.3119954490002783}
2024-08-21 13:31:50,491 DEBUG: {"clientId": {"$oid": "66c6409ebdd8acf1960df0c0"}, "message": "Connection checked out", "serverHost": "cluster0-shard-00-01.0eoex.mongodb.net", "serverPort": 27017, "driverConnectionId": 1, "durationMS": 0.5649615209995318}
2024-08-21 13:31:50,492 DEBUG: {"clientId": {"$oid": "66c6409ebdd8acf1960df0c0"}, "message": "Command started", "command": "{\"find\": \"users\", \"filter\": {\"username\": \"DenilsonPerezC\"}, \"limit\": 1, \"singleBatch\": true, \"lsid\": {\"id\": {\"$binary\": {\"base64\": \"YL+qR5dnQiarzoaz7V6Odw==\", \"subType\": \"04\"}}}, \"$clusterTime\": {\"clusterTime\": {\"$timestamp\": {\"t\": 1724268710, \"i\": 46}}, \"signature\": {\"hash\": {\"$binary\": {\"base64\": \"PgzHoUMi8k1ywhVBctBm87YX294=\", \"subType\": \"00\"}}, \"keyId\": 7363385893261934593}}, \"$db\": \"PyMongo\"}", "commandName": "find", "databaseName": "PyMongo", "requestId": 783368690, "operationId": 783368690, "driverConnectionId": 1, "serverConnectionId": 85872, "serverHost": "cluster0-shard-00-01.0eoex.mongodb.net", "serverPort": 27017}
2024-08-21 13:31:50,662 DEBUG: {"clientId": {"$oid": "66c6409ebdd8acf1960df0c0"}, "message": "Command succeeded", "durationMS": 169.67499999999998, "reply": "{\"cursor\": {\"firstBatch\": [{\"_id\": {\"$oid\": \"66c6337beed36c77222af24d\"}, \"username\": \"DenilsonPerezC\", \"password\": \"pbkdf2:sha256:260000$8lR8sSaLfWdo9Ay7$499616f71db862c6041df7a900475beb198a4fb72e49c2e8eb5913edc361eeba\"}], \"ns\": \"PyMongo.users\"}, \"ok\": 1.0, \"$clusterTime\": {\"clusterTime\": {\"$timestamp\": {\"t\": 1724268710, \"i\": 86}}, \"signature\": {\"hash\": {\"$binary\": {\"base64\": \"PgzHoUMi8k1ywhVBctBm87YX294=\", \"subType\": \"00\"}}, \"keyId\": 7363385893261934593}}, \"operationTime\": {\"$timestamp\": {\"t\": 1724268710, \"i\": 86}}}", "commandName": "find", "databaseName": "PyMongo", "requestId": 783368690, "operationId": 783368690, "driverConnectionId": 1, "serverConnectionId": 85872, "serverHost": "cluster0-shard-00-01.0eoex.mongodb.net", "serverPort": 27017}
2024-08-21 13:31:50,663 DEBUG: {"clientId": {"$oid": "66c6409ebdd8acf1960df0c0"}, "message": "Connection checked in", "serverHost": "cluster0-shard-00-01.0eoex.mongodb.net", "serverPort": 27017, "driverConnectionId": 1}
2024-08-21 13:31:50,919 INFO: 127.0.0.1 - - [21/Aug/2024 13:31:50] "POST /auth/login HTTP/1.1" 200 -
2024-08-21 13:33:26,197 INFO:  * Detected change in '/home/denilson/Escritorio/PyCrud/src/app.py', reloading
2024-08-21 13:33:26,710 INFO:  * Restarting with stat
2024-08-21 13:33:27,182 WARNING:  * Debugger is active!
2024-08-21 13:33:27,183 INFO:  * Debugger PIN: 869-155-449
2024-08-21 13:33:45,354 INFO:  * Detected change in '/home/denilson/Escritorio/PyCrud/src/app.py', reloading
2024-08-21 13:33:45,421 INFO:  * Restarting with stat
2024-08-21 13:33:45,748 WARNING:  * Debugger is active!
2024-08-21 13:33:45,749 INFO:  * Debugger PIN: 869-155-449
2024-08-21 13:38:33,278 INFO:  * Detected change in '/home/denilson/Escritorio/PyCrud/src/app.py', reloading
2024-08-21 13:38:33,373 INFO:  * Restarting with stat
2024-08-21 13:38:33,973 WARNING:  * Debugger is active!
2024-08-21 13:38:33,974 INFO:  * Debugger PIN: 869-155-449
2024-08-21 13:39:27,906 INFO: 127.0.0.1 - - [21/Aug/2024 13:39:27] "[31m[1mPOST /auth/login HTTP/1.1[0m" 400 -
2024-08-21 13:41:00,136 INFO: 127.0.0.1 - - [21/Aug/2024 13:41:00] "[31m[1mPOST /auth/login HTTP/1.1[0m" 400 -
2024-08-21 13:41:30,503 INFO: [31m[1mWARNING: This is a development server. Do not use it in a production deployment. Use a production WSGI server instead.[0m
 * Running on all addresses (0.0.0.0)
 * Running on http://127.0.0.1:5000
 * Running on http://192.168.1.72:5000
2024-08-21 13:41:30,503 INFO: [33mPress CTRL+C to quit[0m
2024-08-21 13:41:30,504 INFO:  * Restarting with stat
2024-08-21 13:41:30,916 WARNING:  * Debugger is active!
2024-08-21 13:41:30,916 INFO:  * Debugger PIN: 869-155-449
2024-08-21 13:41:35,026 INFO: 127.0.0.1 - - [21/Aug/2024 13:41:35] "[31m[1mPOST /auth/login HTTP/1.1[0m" 400 -
2024-08-21 13:41:53,107 INFO:  * Detected change in '/home/denilson/Escritorio/PyCrud/src/app.py', reloading
2024-08-21 13:41:53,189 INFO:  * Restarting with stat
2024-08-21 13:41:53,601 WARNING:  * Debugger is active!
2024-08-21 13:41:53,602 INFO:  * Debugger PIN: 869-155-449
2024-08-21 13:41:59,860 INFO: 127.0.0.1 - - [21/Aug/2024 13:41:59] "[31m[1mPOST /auth/login HTTP/1.1[0m" 400 -
2024-08-21 13:42:29,236 INFO: 127.0.0.1 - - [21/Aug/2024 13:42:29] "[31m[1mPOST /auth/login HTTP/1.1[0m" 400 -
2024-08-21 13:43:09,289 INFO:  * Detected change in '/home/denilson/Escritorio/PyCrud/src/app.py', reloading
2024-08-21 13:43:09,347 INFO:  * Restarting with stat
2024-08-21 13:43:09,852 WARNING:  * Debugger is active!
2024-08-21 13:43:09,853 INFO:  * Debugger PIN: 869-155-449
2024-08-21 13:43:13,766 INFO: 127.0.0.1 - - [21/Aug/2024 13:43:13] "[31m[1mPOST /auth/login HTTP/1.1[0m" 400 -
2024-08-21 13:43:44,640 INFO: 127.0.0.1 - - [21/Aug/2024 13:43:44] "[31m[1mPOST /auth/login HTTP/1.1[0m" 400 -
2024-08-21 13:44:01,909 INFO: [31m[1mWARNING: This is a development server. Do not use it in a production deployment. Use a production WSGI server instead.[0m
 * Running on all addresses (0.0.0.0)
 * Running on http://127.0.0.1:5000
 * Running on http://192.168.1.72:5000
2024-08-21 13:44:01,910 INFO: [33mPress CTRL+C to quit[0m
2024-08-21 13:44:01,910 INFO:  * Restarting with stat
2024-08-21 13:44:02,253 WARNING:  * Debugger is active!
2024-08-21 13:44:02,254 INFO:  * Debugger PIN: 869-155-449
2024-08-21 13:44:07,536 INFO: 127.0.0.1 - - [21/Aug/2024 13:44:07] "[31m[1mPOST /auth/login HTTP/1.1[0m" 400 -
2024-08-21 13:44:10,257 DEBUG: {"clientId": {"$oid": "66c64382f1b84f33a91bf901"}, "message": "Connection pool created", "serverHost": "cluster0-shard-00-02.0eoex.mongodb.net", "serverPort": 27017}
2024-08-21 13:44:10,259 DEBUG: {"clientId": {"$oid": "66c64382f1b84f33a91bf901"}, "message": "Connection pool created", "serverHost": "cluster0-shard-00-00.0eoex.mongodb.net", "serverPort": 27017}
2024-08-21 13:44:10,261 DEBUG: {"clientId": {"$oid": "66c64382f1b84f33a91bf901"}, "message": "Connection pool created", "serverHost": "cluster0-shard-00-01.0eoex.mongodb.net", "serverPort": 27017}
2024-08-21 13:44:10,262 DEBUG: {"message": "Server selection started", "selector": "Primary()", "operation": "find", "topologyDescription": "<TopologyDescription id: 66c64382f1b84f33a91bf901, topology_type: ReplicaSetNoPrimary, servers: [<ServerDescription ('cluster0-shard-00-00.0eoex.mongodb.net', 27017) server_type: Unknown, rtt: None>, <ServerDescription ('cluster0-shard-00-01.0eoex.mongodb.net', 27017) server_type: Unknown, rtt: None>, <ServerDescription ('cluster0-shard-00-02.0eoex.mongodb.net', 27017) server_type: Unknown, rtt: None>]>", "clientId": {"$oid": "66c64382f1b84f33a91bf901"}}
2024-08-21 13:44:10,263 DEBUG: {"message": "Waiting for suitable server to become available", "selector": "Primary()", "operation": "find", "topologyDescription": "<TopologyDescription id: 66c64382f1b84f33a91bf901, topology_type: ReplicaSetNoPrimary, servers: [<ServerDescription ('cluster0-shard-00-00.0eoex.mongodb.net', 27017) server_type: Unknown, rtt: None>, <ServerDescription ('cluster0-shard-00-01.0eoex.mongodb.net', 27017) server_type: Unknown, rtt: None>, <ServerDescription ('cluster0-shard-00-02.0eoex.mongodb.net', 27017) server_type: Unknown, rtt: None>]>", "clientId": {"$oid": "66c64382f1b84f33a91bf901"}, "remainingTimeMS": 29}
2024-08-21 13:44:10,711 DEBUG: {"clientId": {"$oid": "66c64382f1b84f33a91bf901"}, "message": "Connection pool ready", "serverHost": "cluster0-shard-00-00.0eoex.mongodb.net", "serverPort": 27017}
2024-08-21 13:44:10,717 DEBUG: {"clientId": {"$oid": "66c64382f1b84f33a91bf901"}, "message": "Connection pool ready", "serverHost": "cluster0-shard-00-02.0eoex.mongodb.net", "serverPort": 27017}
2024-08-21 13:44:10,720 DEBUG: {"clientId": {"$oid": "66c64382f1b84f33a91bf901"}, "message": "Connection pool ready", "serverHost": "cluster0-shard-00-01.0eoex.mongodb.net", "serverPort": 27017}
2024-08-21 13:44:10,721 DEBUG: {"message": "Server selection succeeded", "selector": "Primary()", "operation": "find", "topologyDescription": "<TopologyDescription id: 66c64382f1b84f33a91bf901, topology_type: ReplicaSetWithPrimary, servers: [<ServerDescription ('cluster0-shard-00-00.0eoex.mongodb.net', 27017) server_type: RSSecondary, rtt: 0.10101552000014635>, <ServerDescription ('cluster0-shard-00-01.0eoex.mongodb.net', 27017) server_type: RSPrimary, rtt: 0.09983098700013215>, <ServerDescription ('cluster0-shard-00-02.0eoex.mongodb.net', 27017) server_type: RSSecondary, rtt: 0.09885925800062978>]>", "clientId": {"$oid": "66c64382f1b84f33a91bf901"}, "serverHost": "cluster0-shard-00-01.0eoex.mongodb.net", "serverPort": 27017}
2024-08-21 13:44:10,723 DEBUG: {"clientId": {"$oid": "66c64382f1b84f33a91bf901"}, "message": "Connection checkout started", "serverHost": "cluster0-shard-00-01.0eoex.mongodb.net", "serverPort": 27017}
2024-08-21 13:44:10,723 DEBUG: {"clientId": {"$oid": "66c64382f1b84f33a91bf901"}, "message": "Connection created", "serverHost": "cluster0-shard-00-01.0eoex.mongodb.net", "serverPort": 27017, "driverConnectionId": 1}
2024-08-21 13:44:11,292 DEBUG: {"clientId": {"$oid": "66c64382f1b84f33a91bf901"}, "message": "Connection ready", "serverHost": "cluster0-shard-00-01.0eoex.mongodb.net", "serverPort": 27017, "driverConnectionId": 1, "durationMS": 0.31635365199963417}
2024-08-21 13:44:11,293 DEBUG: {"clientId": {"$oid": "66c64382f1b84f33a91bf901"}, "message": "Connection checked out", "serverHost": "cluster0-shard-00-01.0eoex.mongodb.net", "serverPort": 27017, "driverConnectionId": 1, "durationMS": 0.5699319619998278}
2024-08-21 13:44:11,294 DEBUG: {"clientId": {"$oid": "66c64382f1b84f33a91bf901"}, "message": "Command started", "command": "{\"find\": \"users\", \"filter\": {\"username\": \"DenilsonPerezC\"}, \"limit\": 1, \"singleBatch\": true, \"lsid\": {\"id\": {\"$binary\": {\"base64\": \"jMfvz9e1TEuNq+2bFWi5Cw==\", \"subType\": \"04\"}}}, \"$clusterTime\": {\"clusterTime\": {\"$timestamp\": {\"t\": 1724269450, \"i\": 68}}, \"signature\": {\"hash\": {\"$binary\": {\"base64\": \"13JA8fUT++6QJSFN2jDNLrhgq4c=\", \"subType\": \"00\"}}, \"keyId\": 7363385893261934593}}, \"$db\": \"PyMongo\"}", "commandName": "find", "databaseName": "PyMongo", "requestId": 783368690, "operationId": 783368690, "driverConnectionId": 1, "serverConnectionId": 85703, "serverHost": "cluster0-shard-00-01.0eoex.mongodb.net", "serverPort": 27017}
2024-08-21 13:44:11,394 DEBUG: {"clientId": {"$oid": "66c64382f1b84f33a91bf901"}, "message": "Command succeeded", "durationMS": 100.528, "reply": "{\"cursor\": {\"firstBatch\": [{\"_id\": {\"$oid\": \"66c6337beed36c77222af24d\"}, \"username\": \"DenilsonPerezC\", \"password\": \"pbkdf2:sha256:260000$8lR8sSaLfWdo9Ay7$499616f71db862c6041df7a900475beb198a4fb72e49c2e8eb5913edc361eeba\"}], \"ns\": \"PyMongo.users\"}, \"ok\": 1.0, \"$clusterTime\": {\"clusterTime\": {\"$timestamp\": {\"t\": 1724269451, \"i\": 105}}, \"signature\": {\"hash\": {\"$binary\": {\"base64\": \"MLDEJ6llPm6Qc+UL/cq1JL4g2WQ=\", \"subType\": \"00\"}}, \"keyId\": 7363385893261934593}}, \"operationTime\": {\"$timestamp\": {\"t\": 1724269451, \"i\": 105}}}", "commandName": "find", "databaseName": "PyMongo", "requestId": 783368690, "operationId": 783368690, "driverConnectionId": 1, "serverConnectionId": 85703, "serverHost": "cluster0-shard-00-01.0eoex.mongodb.net", "serverPort": 27017}
2024-08-21 13:44:11,396 DEBUG: {"clientId": {"$oid": "66c64382f1b84f33a91bf901"}, "message": "Connection checked in", "serverHost": "cluster0-shard-00-01.0eoex.mongodb.net", "serverPort": 27017, "driverConnectionId": 1}
2024-08-21 13:44:11,397 INFO: 127.0.0.1 - - [21/Aug/2024 13:44:11] "[31m[1mPOST /auth/register HTTP/1.1[0m" 400 -
2024-08-21 13:44:14,969 INFO: 127.0.0.1 - - [21/Aug/2024 13:44:14] "[31m[1mPOST /auth/login HTTP/1.1[0m" 400 -
2024-08-21 13:44:26,921 DEBUG: {"message": "Server selection started", "selector": "Primary()", "operation": "find", "topologyDescription": "<TopologyDescription id: 66c64382f1b84f33a91bf901, topology_type: ReplicaSetWithPrimary, servers: [<ServerDescription ('cluster0-shard-00-00.0eoex.mongodb.net', 27017) server_type: RSSecondary, rtt: 0.10116412440020213>, <ServerDescription ('cluster0-shard-00-01.0eoex.mongodb.net', 27017) server_type: RSPrimary, rtt: 0.0996713564001766>, <ServerDescription ('cluster0-shard-00-02.0eoex.mongodb.net', 27017) server_type: RSSecondary, rtt: 0.09889284200035035>]>", "clientId": {"$oid": "66c64382f1b84f33a91bf901"}}
2024-08-21 13:44:26,922 DEBUG: {"message": "Server selection succeeded", "selector": "Primary()", "operation": "find", "topologyDescription": "<TopologyDescription id: 66c64382f1b84f33a91bf901, topology_type: ReplicaSetWithPrimary, servers: [<ServerDescription ('cluster0-shard-00-00.0eoex.mongodb.net', 27017) server_type: RSSecondary, rtt: 0.10116412440020213>, <ServerDescription ('cluster0-shard-00-01.0eoex.mongodb.net', 27017) server_type: RSPrimary, rtt: 0.0996713564001766>, <ServerDescription ('cluster0-shard-00-02.0eoex.mongodb.net', 27017) server_type: RSSecondary, rtt: 0.09889284200035035>]>", "clientId": {"$oid": "66c64382f1b84f33a91bf901"}, "serverHost": "cluster0-shard-00-01.0eoex.mongodb.net", "serverPort": 27017}
2024-08-21 13:44:26,923 DEBUG: {"clientId": {"$oid": "66c64382f1b84f33a91bf901"}, "message": "Connection checkout started", "serverHost": "cluster0-shard-00-01.0eoex.mongodb.net", "serverPort": 27017}
2024-08-21 13:44:26,924 DEBUG: {"clientId": {"$oid": "66c64382f1b84f33a91bf901"}, "message": "Connection checked out", "serverHost": "cluster0-shard-00-01.0eoex.mongodb.net", "serverPort": 27017, "driverConnectionId": 1, "durationMS": 0.0005307960000209277}
2024-08-21 13:44:26,924 DEBUG: {"clientId": {"$oid": "66c64382f1b84f33a91bf901"}, "message": "Command started", "command": "{\"find\": \"users\", \"filter\": {\"username\": \"DenilsonPerezC\"}, \"limit\": 1, \"singleBatch\": true, \"lsid\": {\"id\": {\"$binary\": {\"base64\": \"jMfvz9e1TEuNq+2bFWi5Cw==\", \"subType\": \"04\"}}}, \"$clusterTime\": {\"clusterTime\": {\"$timestamp\": {\"t\": 1724269460, \"i\": 101}}, \"signature\": {\"hash\": {\"$binary\": {\"base64\": \"W7Ve/G0kRe2Z3yOXZWVCbokSfc8=\", \"subType\": \"00\"}}, \"keyId\": 7363385893261934593}}, \"$db\": \"PyMongo\"}", "commandName": "find", "databaseName": "PyMongo", "requestId": 1365180540, "operationId": 1365180540, "driverConnectionId": 1, "serverConnectionId": 85703, "serverHost": "cluster0-shard-00-01.0eoex.mongodb.net", "serverPort": 27017}
2024-08-21 13:44:27,025 DEBUG: {"clientId": {"$oid": "66c64382f1b84f33a91bf901"}, "message": "Command succeeded", "durationMS": 101.46900000000001, "reply": "{\"cursor\": {\"firstBatch\": [{\"_id\": {\"$oid\": \"66c6337beed36c77222af24d\"}, \"username\": \"DenilsonPerezC\", \"password\": \"pbkdf2:sha256:260000$8lR8sSaLfWdo9Ay7$499616f71db862c6041df7a900475beb198a4fb72e49c2e8eb5913edc361eeba\"}], \"ns\": \"PyMongo.users\"}, \"ok\": 1.0, \"$clusterTime\": {\"clusterTime\": {\"$timestamp\": {\"t\": 1724269466, \"i\": 48}}, \"signature\": {\"hash\": {\"$binary\": {\"base64\": \"9g1nxZ3gJICLzUAXo6YyX3sarVg=\", \"subType\": \"00\"}}, \"keyId\": 7363385893261934593}}, \"operationTime\": {\"$timestamp\": {\"t\": 1724269466, \"i\": 48}}}", "commandName": "find", "databaseName": "PyMongo", "requestId": 1365180540, "operationId": 1365180540, "driverConnectionId": 1, "serverConnectionId": 85703, "serverHost": "cluster0-shard-00-01.0eoex.mongodb.net", "serverPort": 27017}
2024-08-21 13:44:27,026 DEBUG: {"clientId": {"$oid": "66c64382f1b84f33a91bf901"}, "message": "Connection checked in", "serverHost": "cluster0-shard-00-01.0eoex.mongodb.net", "serverPort": 27017, "driverConnectionId": 1}
2024-08-21 13:44:27,270 INFO: 127.0.0.1 - - [21/Aug/2024 13:44:27] "POST /auth/login HTTP/1.1" 200 -
2024-08-21 13:44:46,309 INFO: 127.0.0.1 - - [21/Aug/2024 13:44:46] "[31m[1mPOST /auth/login HTTP/1.1[0m" 400 -
2024-08-21 13:47:45,780 DEBUG: {"message": "Server selection started", "selector": "Primary()", "operation": "find", "topologyDescription": "<TopologyDescription id: 66c64382f1b84f33a91bf901, topology_type: ReplicaSetWithPrimary, servers: [<ServerDescription ('cluster0-shard-00-00.0eoex.mongodb.net', 27017) server_type: RSSecondary, rtt: 0.13248248174191427>, <ServerDescription ('cluster0-shard-00-01.0eoex.mongodb.net', 27017) server_type: RSPrimary, rtt: 0.1322533045932226>, <ServerDescription ('cluster0-shard-00-02.0eoex.mongodb.net', 27017) server_type: RSSecondary, rtt: 0.13233811957106073>]>", "clientId": {"$oid": "66c64382f1b84f33a91bf901"}}
2024-08-21 13:47:45,781 DEBUG: {"message": "Server selection succeeded", "selector": "Primary()", "operation": "find", "topologyDescription": "<TopologyDescription id: 66c64382f1b84f33a91bf901, topology_type: ReplicaSetWithPrimary, servers: [<ServerDescription ('cluster0-shard-00-00.0eoex.mongodb.net', 27017) server_type: RSSecondary, rtt: 0.13248248174191427>, <ServerDescription ('cluster0-shard-00-01.0eoex.mongodb.net', 27017) server_type: RSPrimary, rtt: 0.1322533045932226>, <ServerDescription ('cluster0-shard-00-02.0eoex.mongodb.net', 27017) server_type: RSSecondary, rtt: 0.13233811957106073>]>", "clientId": {"$oid": "66c64382f1b84f33a91bf901"}, "serverHost": "cluster0-shard-00-01.0eoex.mongodb.net", "serverPort": 27017}
2024-08-21 13:47:45,782 DEBUG: {"clientId": {"$oid": "66c64382f1b84f33a91bf901"}, "message": "Connection checkout started", "serverHost": "cluster0-shard-00-01.0eoex.mongodb.net", "serverPort": 27017}
2024-08-21 13:47:45,783 DEBUG: {"clientId": {"$oid": "66c64382f1b84f33a91bf901"}, "message": "Connection checked out", "serverHost": "cluster0-shard-00-01.0eoex.mongodb.net", "serverPort": 27017, "driverConnectionId": 1, "durationMS": 0.0005067720003353315}
2024-08-21 13:47:45,783 DEBUG: {"clientId": {"$oid": "66c64382f1b84f33a91bf901"}, "message": "Command started", "command": "{\"find\": \"users\", \"filter\": {\"username\": \"DenilsonPerezC\"}, \"limit\": 1, \"singleBatch\": true, \"lsid\": {\"id\": {\"$binary\": {\"base64\": \"jMfvz9e1TEuNq+2bFWi5Cw==\", \"subType\": \"04\"}}}, \"$clusterTime\": {\"clusterTime\": {\"$timestamp\": {\"t\": 1724269660, \"i\": 96}}, \"signature\": {\"hash\": {\"$binary\": {\"base64\": \"FeX11kiwLM/RUrAvhHCR+aseDik=\", \"subType\": \"00\"}}, \"keyId\": 7363385893261934593}}, \"$db\": \"PyMongo\"}", "commandName": "find", "databaseName": "PyMongo", "requestId": 1585990364, "operationId": 1585990364, "driverConnectionId": 1, "serverConnectionId": 85703, "serverHost": "cluster0-shard-00-01.0eoex.mongodb.net", "serverPort": 27017}
2024-08-21 13:47:45,892 DEBUG: {"clientId": {"$oid": "66c64382f1b84f33a91bf901"}, "message": "Command succeeded", "durationMS": 109.089, "reply": "{\"cursor\": {\"firstBatch\": [{\"_id\": {\"$oid\": \"66c6337beed36c77222af24d\"}, \"username\": \"DenilsonPerezC\", \"password\": \"pbkdf2:sha256:260000$8lR8sSaLfWdo9Ay7$499616f71db862c6041df7a900475beb198a4fb72e49c2e8eb5913edc361eeba\"}], \"ns\": \"PyMongo.users\"}, \"ok\": 1.0, \"$clusterTime\": {\"clusterTime\": {\"$timestamp\": {\"t\": 1724269665, \"i\": 43}}, \"signature\": {\"hash\": {\"$binary\": {\"base64\": \"AqsWg907OOUP19IuY4LuVbiHHLs=\", \"subType\": \"00\"}}, \"keyId\": 7363385893261934593}}, \"operationTime\": {\"$timestamp\": {\"t\": 1724269665, \"i\": 43}}}", "commandName": "find", "databaseName": "PyMongo", "requestId": 1585990364, "operationId": 1585990364, "driverConnectionId": 1, "serverConnectionId": 85703, "serverHost": "cluster0-shard-00-01.0eoex.mongodb.net", "serverPort": 27017}
2024-08-21 13:47:45,894 DEBUG: {"clientId": {"$oid": "66c64382f1b84f33a91bf901"}, "message": "Connection checked in", "serverHost": "cluster0-shard-00-01.0eoex.mongodb.net", "serverPort": 27017, "driverConnectionId": 1}
2024-08-21 13:47:46,180 INFO: 127.0.0.1 - - [21/Aug/2024 13:47:46] "POST /auth/login HTTP/1.1" 200 -
2024-08-21 13:48:06,560 INFO:  * Detected change in '/home/denilson/Escritorio/PyCrud/src/app.py', reloading
2024-08-21 13:48:07,076 INFO:  * Restarting with stat
2024-08-21 13:48:07,652 WARNING:  * Debugger is active!
2024-08-21 13:48:07,653 INFO:  * Debugger PIN: 869-155-449
2024-08-21 13:48:18,760 INFO:  * Detected change in '/home/denilson/Escritorio/PyCrud/src/app.py', reloading
2024-08-21 13:48:18,822 INFO:  * Restarting with stat
2024-08-21 13:48:19,211 WARNING:  * Debugger is active!
2024-08-21 13:48:19,211 INFO:  * Debugger PIN: 869-155-449
2024-08-21 13:48:42,432 INFO: 127.0.0.1 - - [21/Aug/2024 13:48:42] "POST /auth/login HTTP/1.1" 200 -
2024-08-21 13:48:57,390 INFO: 127.0.0.1 - - [21/Aug/2024 13:48:57] "[33mDELETE /movie/66c562e732058cd095f4c353 HTTP/1.1[0m" 404 -
2024-08-21 13:49:41,014 INFO:  * Detected change in '/home/denilson/Escritorio/PyCrud/src/app.py', reloading
2024-08-21 13:49:41,535 INFO:  * Restarting with stat
2024-08-21 13:49:42,096 WARNING:  * Debugger is active!
2024-08-21 13:49:42,097 INFO:  * Debugger PIN: 869-155-449
2024-08-21 13:49:48,550 DEBUG: {"clientId": {"$oid": "66c644d6225847a73cbe8668"}, "message": "Connection pool created", "serverHost": "cluster0-shard-00-00.0eoex.mongodb.net", "serverPort": 27017}
2024-08-21 13:49:48,552 DEBUG: {"clientId": {"$oid": "66c644d6225847a73cbe8668"}, "message": "Connection pool created", "serverHost": "cluster0-shard-00-02.0eoex.mongodb.net", "serverPort": 27017}
2024-08-21 13:49:48,555 DEBUG: {"clientId": {"$oid": "66c644d6225847a73cbe8668"}, "message": "Connection pool created", "serverHost": "cluster0-shard-00-01.0eoex.mongodb.net", "serverPort": 27017}
2024-08-21 13:49:48,557 DEBUG: {"message": "Server selection started", "selector": "<function writable_server_selector at 0x7f5538a92700>", "operation": "delete", "topologyDescription": "<TopologyDescription id: 66c644d6225847a73cbe8668, topology_type: ReplicaSetNoPrimary, servers: [<ServerDescription ('cluster0-shard-00-00.0eoex.mongodb.net', 27017) server_type: Unknown, rtt: None>, <ServerDescription ('cluster0-shard-00-01.0eoex.mongodb.net', 27017) server_type: Unknown, rtt: None>, <ServerDescription ('cluster0-shard-00-02.0eoex.mongodb.net', 27017) server_type: Unknown, rtt: None>]>", "clientId": {"$oid": "66c644d6225847a73cbe8668"}}
2024-08-21 13:49:48,557 DEBUG: {"message": "Waiting for suitable server to become available", "selector": "<function writable_server_selector at 0x7f5538a92700>", "operation": "delete", "topologyDescription": "<TopologyDescription id: 66c644d6225847a73cbe8668, topology_type: ReplicaSetNoPrimary, servers: [<ServerDescription ('cluster0-shard-00-00.0eoex.mongodb.net', 27017) server_type: Unknown, rtt: None>, <ServerDescription ('cluster0-shard-00-01.0eoex.mongodb.net', 27017) server_type: Unknown, rtt: None>, <ServerDescription ('cluster0-shard-00-02.0eoex.mongodb.net', 27017) server_type: Unknown, rtt: None>]>", "clientId": {"$oid": "66c644d6225847a73cbe8668"}, "remainingTimeMS": 29}
2024-08-21 13:49:49,065 DEBUG: {"clientId": {"$oid": "66c644d6225847a73cbe8668"}, "message": "Connection pool ready", "serverHost": "cluster0-shard-00-02.0eoex.mongodb.net", "serverPort": 27017}
2024-08-21 13:49:49,079 DEBUG: {"clientId": {"$oid": "66c644d6225847a73cbe8668"}, "message": "Connection pool ready", "serverHost": "cluster0-shard-00-00.0eoex.mongodb.net", "serverPort": 27017}
2024-08-21 13:49:49,099 DEBUG: {"clientId": {"$oid": "66c644d6225847a73cbe8668"}, "message": "Connection pool ready", "serverHost": "cluster0-shard-00-01.0eoex.mongodb.net", "serverPort": 27017}
2024-08-21 13:49:49,100 DEBUG: {"message": "Server selection succeeded", "selector": "<function writable_server_selector at 0x7f5538a92700>", "operation": "delete", "topologyDescription": "<TopologyDescription id: 66c644d6225847a73cbe8668, topology_type: ReplicaSetWithPrimary, servers: [<ServerDescription ('cluster0-shard-00-00.0eoex.mongodb.net', 27017) server_type: RSSecondary, rtt: 0.09801034399970376>, <ServerDescription ('cluster0-shard-00-01.0eoex.mongodb.net', 27017) server_type: RSPrimary, rtt: 0.09863030499946035>, <ServerDescription ('cluster0-shard-00-02.0eoex.mongodb.net', 27017) server_type: RSSecondary, rtt: 0.10019620500042947>]>", "clientId": {"$oid": "66c644d6225847a73cbe8668"}, "serverHost": "cluster0-shard-00-01.0eoex.mongodb.net", "serverPort": 27017}
2024-08-21 13:49:49,102 DEBUG: {"clientId": {"$oid": "66c644d6225847a73cbe8668"}, "message": "Connection checkout started", "serverHost": "cluster0-shard-00-01.0eoex.mongodb.net", "serverPort": 27017}
2024-08-21 13:49:49,103 DEBUG: {"clientId": {"$oid": "66c644d6225847a73cbe8668"}, "message": "Connection created", "serverHost": "cluster0-shard-00-01.0eoex.mongodb.net", "serverPort": 27017, "driverConnectionId": 1}
2024-08-21 13:49:49,671 DEBUG: {"clientId": {"$oid": "66c644d6225847a73cbe8668"}, "message": "Connection ready", "serverHost": "cluster0-shard-00-01.0eoex.mongodb.net", "serverPort": 27017, "driverConnectionId": 1, "durationMS": 0.30883017299947824}
2024-08-21 13:49:49,673 DEBUG: {"clientId": {"$oid": "66c644d6225847a73cbe8668"}, "message": "Connection checked out", "serverHost": "cluster0-shard-00-01.0eoex.mongodb.net", "serverPort": 27017, "driverConnectionId": 1, "durationMS": 0.5708951920005347}
2024-08-21 13:49:49,675 DEBUG: {"clientId": {"$oid": "66c644d6225847a73cbe8668"}, "message": "Command started", "command": "{\"delete\": \"movie\", \"ordered\": true, \"lsid\": {\"id\": {\"$binary\": {\"base64\": \"4AZnE9awTkSdL1kvhTcznQ==\", \"subType\": \"04\"}}}, \"txnNumber\": 1, \"$clusterTime\": {\"clusterTime\": {\"$timestamp\": {\"t\": 1724269789, \"i\": 3}}, \"signature\": {\"hash\": {\"$binary\": {\"base64\": \"ChTwYrQRw6y/Sifi5bYS30NT1hw=\", \"subType\": \"00\"}}, \"keyId\": 7363385893261934593}}, \"writeConcern\": {\"w\": \"majority\"}, \"$db\": \"PyMongo\", \"deletes\": [{\"q\": {\"_id\": {\"$oid\": \"66c562e732058cd095f4c353\"}}, \"limit\": 1}]}", "commandName": "delete", "databaseName": "PyMongo", "requestId": 783368690, "operationId": 783368690, "driverConnectionId": 1, "serverConnectionId": 86233, "serverHost": "cluster0-shard-00-01.0eoex.mongodb.net", "serverPort": 27017}
2024-08-21 13:49:49,772 DEBUG: {"clientId": {"$oid": "66c644d6225847a73cbe8668"}, "message": "Command succeeded", "durationMS": 97.978, "reply": "{\"electionId\": {\"$oid\": \"7fffffff00000000000001d4\"}, \"opTime\": {\"ts\": {\"$timestamp\": {\"t\": 1724269789, \"i\": 41}}, \"t\": 468}, \"ok\": 1.0, \"$clusterTime\": {\"clusterTime\": {\"$timestamp\": {\"t\": 1724269789, \"i\": 41}}, \"signature\": {\"hash\": {\"$binary\": {\"base64\": \"ChTwYrQRw6y/Sifi5bYS30NT1hw=\", \"subType\": \"00\"}}, \"keyId\": 7363385893261934593}}, \"operationTime\": {\"$timestamp\": {\"t\": 1724269789, \"i\": 41}}}", "commandName": "delete", "databaseName": "PyMongo", "requestId": 783368690, "operationId": 783368690, "driverConnectionId": 1, "serverConnectionId": 86233, "serverHost": "cluster0-shard-00-01.0eoex.mongodb.net", "serverPort": 27017}
2024-08-21 13:49:49,774 DEBUG: {"clientId": {"$oid": "66c644d6225847a73cbe8668"}, "message": "Connection checked in", "serverHost": "cluster0-shard-00-01.0eoex.mongodb.net", "serverPort": 27017, "driverConnectionId": 1}
2024-08-21 13:49:49,774 WARNING: Movie with id 66c562e732058cd095f4c353 not found
2024-08-21 13:49:49,776 INFO: 127.0.0.1 - - [21/Aug/2024 13:49:49] "[33mDELETE /movie/66c562e732058cd095f4c353 HTTP/1.1[0m" 404 -
2024-08-21 13:51:53,282 INFO:  * Detected change in '/home/denilson/Escritorio/PyCrud/src/app.py', reloading
2024-08-21 13:51:53,788 INFO:  * Restarting with stat
2024-08-21 13:51:54,448 WARNING:  * Debugger is active!
2024-08-21 13:51:54,449 INFO:  * Debugger PIN: 869-155-449
2024-08-21 13:54:09,650 INFO:  * Detected change in '/home/denilson/Escritorio/PyCrud/src/app.py', reloading
2024-08-21 13:54:09,714 INFO:  * Restarting with stat
2024-08-21 13:54:10,281 WARNING:  * Debugger is active!
2024-08-21 13:54:10,281 INFO:  * Debugger PIN: 869-155-449
2024-08-21 13:56:21,450 INFO:  * Detected change in '/home/denilson/Escritorio/PyCrud/src/config/mongodb.py', reloading
2024-08-21 13:56:21,510 INFO:  * Restarting with stat
2024-08-21 13:56:22,089 WARNING:  * Debugger is active!
2024-08-21 13:56:22,089 INFO:  * Debugger PIN: 869-155-449
2024-08-21 13:56:37,234 INFO:  * Detected change in '/home/denilson/Escritorio/PyCrud/src/routes/auth.py', reloading
2024-08-21 13:56:37,299 INFO:  * Restarting with stat
2024-08-21 13:56:37,735 WARNING:  * Debugger is active!
2024-08-21 13:56:37,736 INFO:  * Debugger PIN: 869-155-449
2024-08-21 13:57:40,318 INFO:  * Detected change in '/home/denilson/Escritorio/PyCrud/src/schemas/movie_schema.py', reloading
2024-08-21 13:57:40,377 INFO:  * Restarting with stat
2024-08-21 13:57:41,078 WARNING:  * Debugger is active!
2024-08-21 13:57:41,079 INFO:  * Debugger PIN: 869-155-449
2024-08-21 13:58:12,371 INFO:  * Detected change in '/home/denilson/Escritorio/PyCrud/src/services/movie_service.py', reloading
2024-08-21 13:58:12,443 INFO:  * Restarting with stat
2024-08-21 13:58:12,850 WARNING:  * Debugger is active!
2024-08-21 13:58:12,850 INFO:  * Debugger PIN: 869-155-449
2024-08-21 13:58:40,105 INFO:  * Detected change in '/home/denilson/Escritorio/PyCrud/src/services/movie_service.py', reloading
2024-08-21 13:58:40,176 INFO:  * Restarting with stat
2024-08-21 13:58:40,582 WARNING:  * Debugger is active!
2024-08-21 13:58:40,583 INFO:  * Debugger PIN: 869-155-449
2024-08-21 13:58:56,744 INFO:  * Detected change in '/home/denilson/Escritorio/PyCrud/src/app.py', reloading
2024-08-21 13:58:56,835 INFO:  * Restarting with stat
2024-08-21 13:58:57,554 WARNING:  * Debugger is active!
2024-08-21 13:58:57,554 INFO:  * Debugger PIN: 869-155-449
